<?xml version="1.0" encoding="UTF-8"?>
<!-- Generated by org.testng.reporters.JUnitReportReporter -->
<testsuite hostname="LAPTOP-1GU16AHT" failures="0" tests="1" name="com.example.VioricaCosmeticsTests" time="9.864" errors="0" timestamp="2025-02-02T12:14:10 EET" skipped="0">
  <testcase classname="com.example.VioricaCosmeticsTests" name="registerTest" time="9.864"/>
  <system-out/>
</testsuite> <!-- com.example.VioricaCosmeticsTests -->
